<?xml version="1.0" encoding="UTF-8"?>
<testsuite xmlns:xsi="http://www.w3.org/2001/XMLSchema-instance" xsi:noNamespaceSchemaLocation="https://maven.apache.org/surefire/maven-surefire-plugin/xsd/surefire-test-report-3.0.xsd" version="3.0" name="com.candidate.transformer.CandidateTransformerApplicationTests" time="9.304" tests="1" errors="0" skipped="0" failures="0">
  <properties>
[...]
</properties>
  <testcase name="contextLoads" classname="com.candidate.transformer.CandidateTransformerApplicationTests" time="2.674">
    <system-out><![CDATA[23:53:03.648 [main] INFO org.springframework.test.context.support.AnnotationConfigContextLoaderUtils -- Could not detect default configuration classes for test class [com.candidate.transformer.CandidateTransformerApplicationTests]: CandidateTransformerApplicationTests does not declare any static, non-private, non-final, nested classes annotated with @Configuration.
23:53:04.114 [main] INFO org.springframework.boot.test.context.SpringBootTestContextBootstrapper -- Found @SpringBootConfiguration com.candidate.transformer.CandidateTransformerApplication for test class com.candidate.transformer.CandidateTransformerApplicationTests
  .   ____          _            __ _ _
 /\\ / ___'_ __ _ _(_)_ __  __ _ \ \ \ \
( ( )\___ | '_ | '_| | '_ \/ _` | \ \ \ \
 \\/  ___)| |_)| | | | | || (_| |  ) ) ) )
  '  |____| .__|_| |_|_| |_\__, | / / / /
 =========|_|==============|___/=/_/_/_/

 :: Spring Boot ::                (v3.3.0)

2026-06-30 23:53:05 [main] INFO  c.c.t.CandidateTransformerApplicationTests - Starting CandidateTransformerApplicationTests using Java 21.0.10 with PID 2332 (started by selva in D:\PROJECT FOLDERS\Candidate Profile Transformer)
2026-06-30 23:53:05 [main] DEBUG c.c.t.CandidateTransformerApplicationTests - Running with Spring Boot v3.3.0, Spring v6.1.8
2026-06-30 23:53:05 [main] INFO  c.c.t.CandidateTransformerApplicationTests - No active profile set, falling back to 1 default profile: "default"
2026-06-30 23:53:08 [main] INFO  c.c.t.CandidateTransformerApplicationTests - Started CandidateTransformerApplicationTests in 3.695 seconds (process running for 6.885)
2026-06-30 23:53:08 [main] INFO  c.c.t.config.DirectoryInitializer - Initializing application directory structure validation...
2026-06-30 23:53:08 [main] DEBUG c.c.t.config.DirectoryInitializer - Directory 'D:\PROJECT FOLDERS\Candidate Profile Transformer\input' already exists and is valid.
2026-06-30 23:53:08 [main] DEBUG c.c.t.config.DirectoryInitializer - Directory 'D:\PROJECT FOLDERS\Candidate Profile Transformer\config' already exists and is valid.
2026-06-30 23:53:08 [main] DEBUG c.c.t.config.DirectoryInitializer - Directory 'D:\PROJECT FOLDERS\Candidate Profile Transformer\output' already exists and is valid.
2026-06-30 23:53:08 [main] INFO  c.c.t.config.DirectoryInitializer - Required directory structure initialized successfully.
2026-06-30 23:53:08 [main] INFO  c.c.t.c.TransformerCommandLineRunner - Candidate Profile Transformer Command Line Interface has started.

================================================================================
   &amp#27;[32mSTARTING CANDIDATE PROFILE TRANSFORMER PIPELINE&amp#27;[0m
================================================================================
&amp#27;[36m[STEP 01] LOADING CONFIGURATION&amp#27;[0m: Reading projection-config.json configuration properties.
2026-06-30 23:53:08 [main] INFO  c.c.transformer.util.ConfigLoader - Successfully loaded projection configuration from: D:\PROJECT FOLDERS\Candidate Profile Transformer\config\projection-config.json
&amp#27;[34m[INFO] Loaded Output Format: JSON&amp#27;[0m
&amp#27;[34m[INFO] Configured Fields to Map: 8&amp#27;[0m
&amp#27;[36m[STEP 02] VALIDATING FOLDERS&amp#27;[0m: Checking directory presence for 'input', 'config', and 'output'.
&amp#27;[34m[INFO] Input directory path: D:\PROJECT FOLDERS\Candidate Profile Transformer\input&amp#27;[0m
&amp#27;[34m[INFO] Output directory path: D:\PROJECT FOLDERS\Candidate Profile Transformer\output&amp#27;[0m
&amp#27;[36m[STEP 03] DISCOVERING INPUT FILES&amp#27;[0m: Scanning input folder for files.
&amp#27;[34m[INFO] Discovered 4 files in input directory.&amp#27;[0m
&amp#27;[34m[INFO]  -> Found file: interview_notes.txt&amp#27;[0m
&amp#27;[34m[INFO]  -> Found file: recruiter_spreadsheet.csv&amp#27;[0m
&amp#27;[34m[INFO]  -> Found file: resume_v1.pdf&amp#27;[0m
&amp#27;[34m[INFO]  -> Found file: resume_v2.docx&amp#27;[0m
&amp#27;[36m[STEP 04] VALIDATING FILES&amp#27;[0m: Analyzing file extensions against supported parsers.
&amp#27;[34m[INFO]  -> File 'interview_notes.txt' is supported (Format: TXT)&amp#27;[0m
&amp#27;[34m[INFO]  -> File 'recruiter_spreadsheet.csv' is supported (Format: CSV)&amp#27;[0m
&amp#27;[34m[INFO]  -> File 'resume_v1.pdf' is supported (Format: PDF)&amp#27;[0m
&amp#27;[34m[INFO]  -> File 'resume_v2.docx' is supported (Format: DOCX)&amp#27;[0m
&amp#27;[36m[STEP 05] PARSING SOURCES&amp#27;[0m: Invoking format-specific parser implementations.
&amp#27;[34m[INFO]  -> Parsed successfully: interview_notes.txt (Source ID: txt-1782843788715)&amp#27;[0m
&amp#27;[34m[INFO]  -> Parsed successfully: recruiter_spreadsheet.csv (Source ID: csv-1782843788721)&amp#27;[0m
&amp#27;[33m[WARNING]  -> Failed to parse 'resume_v1.pdf': Error: End-of-File, expected line at offset 49&amp#27;[0m
&amp#27;[33m[WARNING]  -> Failed to parse 'resume_v2.docx': No valid entries or contents found, this is not a valid OOXML (Office Open XML) file&amp#27;[0m
&amp#27;[36m[STEP 06] NORMALIZATION & EXTRACTION&amp#27;[0m: Standardizing raw parsed metrics into candidate profile components.
2026-06-30 23:53:09 [main] INFO  c.c.t.extractor.TxtDataExtractor - Extracting candidate profile from TXT source: interview_notes.txt
&amp#27;[34m[INFO]  -> Normalized profile extracted from source: interview_notes.txt&amp#27;[0m
2026-06-30 23:53:09 [main] INFO  c.c.t.extractor.CsvDataExtractor - Extracting candidate profile from CSV source: recruiter_spreadsheet.csv
&amp#27;[34m[INFO]  -> Normalized profile extracted from source: recruiter_spreadsheet.csv&amp#27;[0m
&amp#27;[36m[STEP 07] MERGING & CONFLICT RESOLUTION&amp#27;[0m: Consolidating duplicate profile components.
&amp#27;[34m[INFO]  -> Merged 2 profile(s) into single CandidateRecord.&amp#27;[0m
&amp#27;[36m[STEP 08] PROVENANCE & CONFIDENCE TRACKING&amp#27;[0m: Calculating data lineage maps and overall confidence levels.
&amp#27;[34m[INFO]  -> Generated data provenance mapping trace for field entries.&amp#27;[0m
&amp#27;[34m[INFO]  -> Profile Confidence Score: 0.8&amp#27;[0m
&amp#27;[36m[STEP 09] CANONICAL PROFILE CREATION&amp#27;[0m: Reviewing canonical consolidated CandidateProfile data.
&amp#27;[34m[INFO] Candidate ID   : cand-8eb1b522&amp#27;[0m
&amp#27;[34m[INFO] Candidate Name : John Doe&amp#27;[0m
&amp#27;[34m[INFO] Candidate Email: john.doe@example.com&amp#27;[0m
&amp#27;[34m[INFO] Skills Found   : 4&amp#27;[0m
&amp#27;[34m[INFO] Experiences    : 1&amp#27;[0m
&amp#27;[34m[INFO] Educations     : 0&amp#27;[0m
&amp#27;[36m[STEP 10] PROJECTION&amp#27;[0m: Applying configured field-mapping projections.
&amp#27;[34m[INFO]  -> Generated custom field mapping projection with 10 active fields.&amp#27;[0m
&amp#27;[36m[STEP 11] SCHEMA VALIDATION&amp#27;[0m: Asserting validation compliance on canonical fields.
&amp#27;[34m[INFO]  -> Structural validation result: PASS&amp#27;[0m
&amp#27;[34m[INFO]  -> Validation errors: 0&amp#27;[0m
&amp#27;[34m[INFO]  -> Validation warnings: 0&amp#27;[0m
&amp#27;[36m[STEP 12] JSON GENERATION & OUTPUT&amp#27;[0m: Serializing output records to JSON.
&amp#27;[32m[SUCCESS] Successfully wrote final projected candidate JSON file to: D:\PROJECT FOLDERS\Candidate Profile Transformer\output\cand-8eb1b522_profile.json&amp#27;[0m

================================================================================
   &amp#27;[32mPROCESSING PIPELINE SUMMARY&amp#27;[0m
================================================================================
&amp#27;[34m[INFO] Files discovered       : 4&amp#27;[0m
&amp#27;[34m[INFO] Supported files        : 4&amp#27;[0m
&amp#27;[34m[INFO] Unsupported files      : 0&amp#27;[0m
&amp#27;[34m[INFO] Parsed sources         : 2&amp#27;[0m
&amp#27;[34m[INFO] Parse failures         : 2&amp#27;[0m
&amp#27;[34m[INFO] Extracted profiles     : 2&amp#27;[0m
&amp#27;[34m[INFO] Extraction failures    : 0&amp#27;[0m
&amp#27;[34m[INFO] Conflict count         : 0&amp#27;[0m
&amp#27;[34m[INFO] Validation errors      : 0&amp#27;[0m
&amp#27;[34m[INFO] Validation warnings    : 0&amp#27;[0m
&amp#27;[34m[INFO] Merged profile name    : John Doe&amp#27;[0m
&amp#27;[34m[INFO] Overall confidence     : 0.8&amp#27;[0m
&amp#27;[34m[INFO] Output file generated  : D:\PROJECT FOLDERS\Candidate Profile Transformer\output\cand-8eb1b522_profile.json&amp#27;[0m
&amp#27;[34m[INFO] Elapsed time           : 1196 ms&amp#27;[0m
&amp#27;[34m[INFO] Warnings captured      : 2&amp#27;[0m
&amp#27;[32m[SUCCESS] Candidate Transformation Completed Successfully.&amp#27;[0m
]]></system-out>
    <system-err><![CDATA[WARNING: A Java agent has been loaded dynamically (C:\Users\selva\.m2\repository\net\bytebuddy\byte-buddy-agent\1.14.16\byte-buddy-agent-1.14.16.jar)
WARNING: If a serviceability tool is in use, please run with -XX:+EnableDynamicAgentLoading to hide this warning
WARNING: If a serviceability tool is not in use, please run with -Djdk.instrument.traceUsage for more information
WARNING: Dynamic loading of agents will be disallowed by default in a future release
]]></system-err>
  </testcase>
</testsuite>