<?xml version="1.0" encoding="UTF-8"?>
<testsuite xmlns:xsi="http://www.w3.org/2001/XMLSchema-instance" xsi:noNamespaceSchemaLocation="https://maven.apache.org/surefire/maven-surefire-plugin/xsd/surefire-test-report-3.0.xsd" version="3.0" name="com.candidate.transformer.extractor.CsvDataExtractorTest" time="0.205" tests="5" errors="0" skipped="0" failures="0">
  <properties>
[...]
</properties>
  <testcase name="testExtract_MissingMandatoryName" classname="com.candidate.transformer.extractor.CsvDataExtractorTest" time="0.019">
    <system-out><![CDATA[2026-06-30 23:53:12 [main] INFO  c.c.t.extractor.CsvDataExtractor - Extracting candidate profile from CSV source: spreadsheet.csv
]]></system-out>
  </testcase>
  <testcase name="testExtract_EmptyCsv" classname="com.candidate.transformer.extractor.CsvDataExtractorTest" time="0.002">
    <system-out><![CDATA[2026-06-30 23:53:12 [main] INFO  c.c.t.extractor.CsvDataExtractor - Extracting candidate profile from CSV source: spreadsheet.csv
]]></system-out>
  </testcase>
  <testcase name="testExtract_MissingMandatoryEmail" classname="com.candidate.transformer.extractor.CsvDataExtractorTest" time="0.01">
    <system-out><![CDATA[2026-06-30 23:53:12 [main] INFO  c.c.t.extractor.CsvDataExtractor - Extracting candidate profile from CSV source: spreadsheet.csv
]]></system-out>
  </testcase>
  <testcase name="testExtract_InvalidEmailFormat" classname="com.candidate.transformer.extractor.CsvDataExtractorTest" time="0.006">
    <system-out><![CDATA[2026-06-30 23:53:12 [main] INFO  c.c.t.extractor.CsvDataExtractor - Extracting candidate profile from CSV source: spreadsheet.csv
]]></system-out>
  </testcase>
  <testcase name="testExtract_ValidCsv" classname="com.candidate.transformer.extractor.CsvDataExtractorTest" time="0.149">
    <system-out><![CDATA[2026-06-30 23:53:12 [main] INFO  c.c.t.extractor.CsvDataExtractor - Extracting candidate profile from CSV source: spreadsheet.csv
]]></system-out>
  </testcase>
</testsuite>